C51 COMPILER V9.56.0.0   SQUARE_WAVE                                                       03/23/2022 11:03:37 PAGE 1   


C51 COMPILER V9.56.0.0, COMPILATION OF MODULE SQUARE_WAVE
OBJECT MODULE PLACED IN .\Objects\Square_wave.obj
COMPILER INVOKED BY: C:\Keil_v5\C51\BIN\C51.EXE Square_wave.c OPTIMIZE(8,SPEED) BROWSE DEBUG OBJECTEXTEND PRINT(.\Listin
                    -gs\Square_wave.lst) TABS(2) OBJECT(.\Objects\Square_wave.obj)

line level    source

   1          #include<reg51.h>
   2          sbit led=P2^0;
   3          
   4          ////////////////////////////////////////Delay function to generate exactly 20ms delay
   5          void delay20ms()    
   6          {
   7   1        TMOD = 0x01;      /* Timer0 delay function */
   8   1        TH0 = 0xB8;       /* Load higher 8-bit in TH0 */
   9   1        TL0 = 0x0C;       /* Load lower 8-bit in TL0 */
  10   1        TR0 = 1;          /* Start timer0 */
  11   1        while(TF0 == 0);  /* Wait until timer0 flag set */
  12   1        TR0 = 0;          /* Stop timer0 */
  13   1        TF0 = 0;          /* Clear timer0 flag */
  14   1      }
  15          ////////////////////////////////////////Delay function
  16          //void delay(int a)
  17          //{
  18          //  int i,j;
  19          //  for (i=0; i<a;i++)
  20          //  {
  21          //    for(j=0; j<1275; j++);
  22          //  }
  23          //}
  24          
  25          ////////////////////////////////////////Main function
  26          
  27            void main()
  28            {
  29   1          led=0;      //////////////Initialize uc pin
  30   1          
  31   1           while(1)
  32   1           {
  33   2            led=1;
  34   2            //delay(20);
  35   2            delay20ms();
  36   2            led=0;
  37   2            //delay(20);
  38   2            delay20ms();
  39   2           }
  40   1        }    


MODULE INFORMATION:   STATIC OVERLAYABLE
   CODE SIZE        =     33    ----
   CONSTANT SIZE    =   ----    ----
   XDATA SIZE       =   ----    ----
   PDATA SIZE       =   ----    ----
   DATA SIZE        =   ----    ----
   IDATA SIZE       =   ----    ----
   BIT SIZE         =   ----    ----
END OF MODULE INFORMATION.


C51 COMPILATION COMPLETE.  0 WARNING(S),  0 ERROR(S)
